<?xml version="1.0" encoding="UTF-8"?>
<testng-results ignored="0" total="1" passed="1" failed="0" skipped="0">
  <reporter-output>
  </reporter-output>
  <suite started-at="2026-02-07T15:42:17 IST" name="Default suite" finished-at="2026-02-07T15:42:22 IST" duration-ms="4672">
    <groups>
    </groups>
    <test started-at="2026-02-07T15:42:17 IST" name="Default test" finished-at="2026-02-07T15:42:22 IST" duration-ms="4672">
      <class name="assignmant.demoweb">
        <test-method signature="demoweb1()[pri:0, instance:assignmant.demoweb@71d44a3]" started-at="2026-02-07T15:42:17 IST" name="demoweb1" finished-at="2026-02-07T15:42:22 IST" duration-ms="4639" status="PASS">
          <reporter-output>
          </reporter-output>
        </test-method> <!-- demoweb1 -->
      </class> <!-- assignmant.demoweb -->
    </test> <!-- Default test -->
  </suite> <!-- Default suite -->
</testng-results>
